<?xml version="1.0" ?>
<coverage version="5.3" timestamp="1602936839730" lines-valid="115" lines-covered="104" line-rate="0.9043" branches-covered="0" branches-valid="0" branch-rate="0" complexity="0">
	<!-- Generated by coverage.py: https://coverage.readthedocs.io -->
	<!-- Based on https://raw.githubusercontent.com/cobertura/web/master/htdocs/xml/coverage-04.dtd -->
	<sources>
		<source>C:\Users\Gabriel\Documents\NotQuiteParadise\tests</source>
	</sources>
	<packages>
		<package name="." line-rate="1" branch-rate="0" complexity="0">
			<classes>
				<class name="__init__.py" filename="__init__.py" complexity="0" line-rate="1" branch-rate="0">
					<methods/>
					<lines/>
				</class>
			</classes>
		</package>
		<package name="engine" line-rate="0.9612" branch-rate="0" complexity="0">
			<classes>
				<class name="__init__.py" filename="engine/__init__.py" complexity="0" line-rate="1" branch-rate="0">
					<methods/>
					<lines/>
				</class>
				<class name="component_test.py" filename="engine/component_test.py" complexity="0" line-rate="1" branch-rate="0">
					<methods/>
					<lines>
						<line number="1" hits="1"/>
						<line number="3" hits="1"/>
						<line number="5" hits="1"/>
						<line number="8" hits="1"/>
						<line number="9" hits="1"/>
						<line number="16" hits="1"/>
						<line number="20" hits="1"/>
						<line number="21" hits="1"/>
						<line number="23" hits="1"/>
						<line number="27" hits="1"/>
						<line number="28" hits="1"/>
						<line number="29" hits="1"/>
						<line number="31" hits="1"/>
						<line number="35" hits="1"/>
						<line number="36" hits="1"/>
						<line number="38" hits="1"/>
						<line number="39" hits="1"/>
						<line number="43" hits="1"/>
						<line number="44" hits="1"/>
					</lines>
				</class>
				<class name="effect_test.py" filename="engine/effect_test.py" complexity="0" line-rate="0.9412" branch-rate="0">
					<methods/>
					<lines>
						<line number="2" hits="1"/>
						<line number="3" hits="1"/>
						<line number="5" hits="1"/>
						<line number="6" hits="1"/>
						<line number="7" hits="1"/>
						<line number="8" hits="1"/>
						<line number="17" hits="1"/>
						<line number="18" hits="1"/>
						<line number="21" hits="1"/>
						<line number="22" hits="1"/>
						<line number="23" hits="1"/>
						<line number="26" hits="1"/>
						<line number="29" hits="1"/>
						<line number="33" hits="1"/>
						<line number="34" hits="1"/>
						<line number="35" hits="1"/>
						<line number="37" hits="1"/>
						<line number="38" hits="0"/>
						<line number="39" hits="0"/>
						<line number="42" hits="1"/>
						<line number="43" hits="1"/>
						<line number="48" hits="1"/>
						<line number="49" hits="1"/>
						<line number="54" hits="1"/>
						<line number="55" hits="1"/>
						<line number="56" hits="1"/>
						<line number="57" hits="1"/>
						<line number="58" hits="1"/>
						<line number="59" hits="1"/>
						<line number="60" hits="1"/>
						<line number="61" hits="1"/>
						<line number="62" hits="1"/>
						<line number="63" hits="1"/>
						<line number="64" hits="1"/>
						<line number="75" hits="1"/>
						<line number="76" hits="1"/>
						<line number="77" hits="1"/>
						<line number="79" hits="1"/>
						<line number="80" hits="0"/>
						<line number="82" hits="1"/>
						<line number="83" hits="0"/>
						<line number="86" hits="1"/>
						<line number="88" hits="1"/>
						<line number="89" hits="1"/>
						<line number="90" hits="1"/>
						<line number="91" hits="1"/>
						<line number="92" hits="1"/>
						<line number="94" hits="1"/>
						<line number="98" hits="1"/>
						<line number="100" hits="1"/>
						<line number="102" hits="1"/>
						<line number="104" hits="1"/>
						<line number="105" hits="1"/>
						<line number="107" hits="1"/>
						<line number="108" hits="1"/>
						<line number="109" hits="1"/>
						<line number="110" hits="1"/>
						<line number="112" hits="1"/>
						<line number="113" hits="1"/>
						<line number="115" hits="1"/>
						<line number="117" hits="1"/>
						<line number="121" hits="1"/>
						<line number="122" hits="1"/>
						<line number="124" hits="1"/>
						<line number="125" hits="1"/>
						<line number="127" hits="1"/>
						<line number="128" hits="1"/>
						<line number="130" hits="1"/>
					</lines>
				</class>
				<class name="state_test.py" filename="engine/state_test.py" complexity="0" line-rate="1" branch-rate="0">
					<methods/>
					<lines>
						<line number="1" hits="1"/>
						<line number="2" hits="1"/>
						<line number="5" hits="1"/>
						<line number="7" hits="1"/>
						<line number="11" hits="1"/>
						<line number="12" hits="1"/>
					</lines>
				</class>
				<class name="utility_test.py" filename="engine/utility_test.py" complexity="0" line-rate="1" branch-rate="0">
					<methods/>
					<lines>
						<line number="1" hits="1"/>
						<line number="3" hits="1"/>
						<line number="5" hits="1"/>
						<line number="6" hits="1"/>
						<line number="9" hits="1"/>
						<line number="10" hits="1"/>
						<line number="21" hits="1"/>
						<line number="22" hits="1"/>
						<line number="27" hits="1"/>
						<line number="28" hits="1"/>
					</lines>
				</class>
			</classes>
		</package>
		<package name="mocks" line-rate="0.4167" branch-rate="0" complexity="0">
			<classes>
				<class name="__init__.py" filename="mocks/__init__.py" complexity="0" line-rate="1" branch-rate="0">
					<methods/>
					<lines/>
				</class>
				<class name="ui_mock.py" filename="mocks/ui_mock.py" complexity="0" line-rate="0" branch-rate="0">
					<methods/>
					<lines>
						<line number="1" hits="0"/>
						<line number="2" hits="0"/>
						<line number="4" hits="0"/>
						<line number="5" hits="0"/>
						<line number="6" hits="0"/>
						<line number="8" hits="0"/>
						<line number="9" hits="0"/>
					</lines>
				</class>
				<class name="world_mock.py" filename="mocks/world_mock.py" complexity="0" line-rate="1" branch-rate="0">
					<methods/>
					<lines>
						<line number="1" hits="1"/>
						<line number="5" hits="1"/>
						<line number="6" hits="1"/>
						<line number="7" hits="1"/>
						<line number="8" hits="1"/>
					</lines>
				</class>
			</classes>
		</package>
		<package name="nqp" line-rate="1" branch-rate="0" complexity="0">
			<classes>
				<class name="__init__.py" filename="nqp/__init__.py" complexity="0" line-rate="1" branch-rate="0">
					<methods/>
					<lines/>
				</class>
			</classes>
		</package>
	</packages>
</coverage>
